2025-06-11 05:20:49,813 - INFO - ==================================================
2025-06-11 05:20:49,813 - INFO - Starting Recruitment AI Training Pipeline
2025-06-11 05:20:49,814 - INFO - ==================================================
2025-06-11 05:20:49,814 - INFO - Loading data from jobs
2025-06-11 05:20:50,570 - INFO - Loaded 4 CV samples
2025-06-11 05:20:50,572 - INFO - Stage distribution:
stage
REJECT       1
SHORTLIST    1
INTERVIEW    1
ACCEPT       1
Name: count, dtype: int64
2025-06-11 05:20:50,572 - INFO - Preparing features...
2025-06-11 05:20:50,587 - INFO - Feature shape: (4, 15)
2025-06-11 05:20:50,588 - INFO - Label distribution: [1 1 1 1]
2025-06-11 05:20:50,589 - INFO - Starting model training...
2025-06-11 05:20:50,590 - INFO - Minimum samples per class: 1
2025-06-11 05:20:50,590 - WARNING - Not enough samples for stratified split. Using regular split.
2025-06-11 05:20:50,591 - INFO - Training set: (3, 15), Test set: (1, 15)
2025-06-11 05:20:50,591 - INFO - Training ensemble models...
2025-06-11 05:21:39,684 - INFO - ==================================================
2025-06-11 05:21:39,684 - INFO - Starting Recruitment AI Training Pipeline
2025-06-11 05:21:39,684 - INFO - ==================================================
2025-06-11 05:21:39,685 - INFO - Loading data from jobs
2025-06-11 05:21:48,103 - INFO - Loaded 33 CV samples
2025-06-11 05:21:48,104 - INFO - Stage distribution:
stage
REJECT       17
SHORTLIST     9
INTERVIEW     6
ACCEPT        1
Name: count, dtype: int64
2025-06-11 05:21:48,105 - INFO - Preparing features...
2025-06-11 05:21:48,173 - INFO - Feature shape: (33, 15)
2025-06-11 05:21:48,174 - INFO - Label distribution: [17  9  6  1]
2025-06-11 05:21:48,174 - INFO - Starting model training...
2025-06-11 05:21:48,174 - INFO - Minimum samples per class: 1
2025-06-11 05:21:48,175 - WARNING - Not enough samples for stratified split. Using regular split.
2025-06-11 05:21:48,175 - INFO - Training set: (26, 15), Test set: (7, 15)
2025-06-11 05:21:48,176 - INFO - Training ensemble models...
2025-06-11 05:21:50,392 - INFO - Evaluating models...
2025-06-11 05:24:13,233 - INFO - ==================================================
2025-06-11 05:24:13,233 - INFO - Starting Recruitment AI Training Pipeline
2025-06-11 05:24:13,233 - INFO - ==================================================
2025-06-11 05:24:13,233 - INFO - Loading data from jobs
2025-06-11 05:24:21,759 - INFO - Loaded 33 CV samples
2025-06-11 05:24:21,761 - INFO - Stage distribution:
stage
REJECT       17
SHORTLIST     9
INTERVIEW     6
ACCEPT        1
Name: count, dtype: int64
2025-06-11 05:24:21,761 - INFO - Preparing features...
2025-06-11 05:24:21,829 - INFO - Feature shape: (33, 15)
2025-06-11 05:24:21,830 - INFO - Label distribution: [17  9  6  1]
2025-06-11 05:24:21,830 - INFO - Starting model training...
2025-06-11 05:24:21,830 - INFO - Minimum samples per class: 1
2025-06-11 05:24:21,830 - WARNING - Not enough samples for stratified split. Using regular split.
2025-06-11 05:24:21,831 - INFO - Training set: (26, 15), Test set: (7, 15)
2025-06-11 05:24:21,831 - INFO - Training ensemble models...
2025-06-11 05:24:24,040 - INFO - Evaluating models...
2025-06-11 05:24:24,054 - INFO - Classes found in data: [0 1 2]
2025-06-11 05:24:24,055 - INFO - Using stage names: ['REJECT', 'SHORTLIST', 'INTERVIEW']
2025-06-11 05:24:24,063 - INFO - 
Classification Report:
2025-06-11 05:24:24,068 - INFO -               precision    recall  f1-score   support

      REJECT       0.43      1.00      0.60         3
   SHORTLIST       0.00      0.00      0.00         2
   INTERVIEW       0.00      0.00      0.00         2

    accuracy                           0.43         7
   macro avg       0.14      0.33      0.20         7
weighted avg       0.18      0.43      0.26         7

2025-06-11 05:24:24,214 - INFO - Analyzing feature importance...
2025-06-11 05:24:24,227 - INFO - 
Top 10 Most Important Features:
2025-06-11 05:24:24,228 - INFO - 1. Text Similarity: 0.2148
2025-06-11 05:24:24,228 - INFO - 2. Industry Keywords: 0.2081
2025-06-11 05:24:24,228 - INFO - 3. Total Skills: 0.1324
2025-06-11 05:24:24,229 - INFO - 4. Experience Years: 0.1085
2025-06-11 05:24:24,229 - INFO - 5. Experience Ratio: 0.0975
2025-06-11 05:24:24,229 - INFO - 6. Achievements: 0.0572
2025-06-11 05:24:24,229 - INFO - 7. Communication Score: 0.0550
2025-06-11 05:24:24,229 - INFO - 8. Location Match: 0.0475
2025-06-11 05:24:24,230 - INFO - 9. Meets Experience: 0.0413
2025-06-11 05:24:24,230 - INFO - 10. Certifications: 0.0251
2025-06-11 05:24:24,330 - INFO - Saving results...
2025-06-11 05:24:24,423 - INFO - Results saved successfully!
2025-06-11 05:24:24,423 - INFO - ==================================================
2025-06-11 05:24:24,423 - INFO - Training completed successfully!
2025-06-11 05:24:24,424 - INFO - Overall accuracy: 42.86%
2025-06-11 05:24:24,424 - INFO - ==================================================
2025-06-11 05:26:46,419 - INFO - ==================================================
2025-06-11 05:26:46,419 - INFO - Starting Recruitment AI Training Pipeline
2025-06-11 05:26:46,420 - INFO - ==================================================
2025-06-11 05:26:46,420 - INFO - Loading data from jobs
2025-06-11 05:26:56,901 - WARNING - incorrect startxref pointer(1)
2025-06-11 05:27:42,815 - WARNING - incorrect startxref pointer(1)
2025-06-11 05:28:14,847 - WARNING - incorrect startxref pointer(1)
2025-06-11 05:28:33,345 - INFO - Loaded 431 CV samples
2025-06-11 05:28:33,347 - INFO - Stage distribution:
stage
REJECT       289
SHORTLIST     96
INTERVIEW     37
ACCEPT         9
Name: count, dtype: int64
2025-06-11 05:28:33,347 - INFO - Preparing features...
2025-06-11 05:28:34,190 - INFO - Feature shape: (431, 15)
2025-06-11 05:28:34,191 - INFO - Label distribution: [289  96  37   9]
2025-06-11 05:28:34,191 - INFO - Starting model training...
2025-06-11 05:28:34,191 - INFO - Minimum samples per class: 9
2025-06-11 05:28:34,193 - INFO - Training set: (344, 15), Test set: (87, 15)
2025-06-11 05:28:34,193 - INFO - Training ensemble models...
2025-06-11 05:28:38,212 - INFO - Evaluating models...
2025-06-11 05:28:38,263 - INFO - Classes found in data: [0 1 2 3]
2025-06-11 05:28:38,270 - INFO - Using stage names: ['REJECT', 'SHORTLIST', 'INTERVIEW', 'ACCEPT']
2025-06-11 05:28:38,275 - INFO - 
Classification Report:
2025-06-11 05:28:38,279 - INFO -               precision    recall  f1-score   support

      REJECT       0.69      0.98      0.81        58
   SHORTLIST       0.50      0.11      0.17        19
   INTERVIEW       0.00      0.00      0.00         8
      ACCEPT       0.00      0.00      0.00         2

    accuracy                           0.68        87
   macro avg       0.30      0.27      0.25        87
weighted avg       0.57      0.68      0.58        87

2025-06-11 05:28:38,418 - INFO - Analyzing feature importance...
2025-06-11 05:28:38,429 - INFO - 
Top 10 Most Important Features:
2025-06-11 05:28:38,430 - INFO - 1. Text Similarity: 0.2326
2025-06-11 05:28:38,430 - INFO - 2. Total Skills: 0.1349
2025-06-11 05:28:38,431 - INFO - 3. Industry Keywords: 0.1327
2025-06-11 05:28:38,431 - INFO - 4. Experience Ratio: 0.1045
2025-06-11 05:28:38,431 - INFO - 5. Experience Years: 0.1044
2025-06-11 05:28:38,431 - INFO - 6. Communication Score: 0.0907
2025-06-11 05:28:38,432 - INFO - 7. Certifications: 0.0776
2025-06-11 05:28:38,432 - INFO - 8. Achievements: 0.0549
2025-06-11 05:28:38,432 - INFO - 9. Education Level: 0.0235
2025-06-11 05:28:38,432 - INFO - 10. Location Match: 0.0202
2025-06-11 05:28:38,533 - INFO - Saving results...
2025-06-11 05:28:38,669 - INFO - Results saved successfully!
2025-06-11 05:28:38,669 - INFO - ==================================================
2025-06-11 05:28:38,670 - INFO - Training completed successfully!
2025-06-11 05:28:38,670 - INFO - Overall accuracy: 67.82%
2025-06-11 05:28:38,670 - INFO - ==================================================
2025-06-11 07:41:13,779 - INFO - ==================================================
2025-06-11 07:41:13,779 - INFO - Starting Recruitment AI Training Pipeline
2025-06-11 07:41:13,779 - INFO - ==================================================
2025-06-11 07:41:13,780 - INFO - Loading data from jobs
2025-06-11 07:50:22,023 - INFO - ==================================================
2025-06-11 07:50:22,023 - INFO - Starting Recruitment AI Training Pipeline
2025-06-11 07:50:22,023 - INFO - ==================================================
2025-06-11 07:50:22,024 - INFO - Loading data from jobs
2025-06-11 07:51:11,878 - INFO - Loaded 431 CV samples
2025-06-11 07:51:11,906 - INFO - Stage distribution:
stage
REJECT       289
SHORTLIST     96
INTERVIEW     37
ACCEPT         9
Name: count, dtype: int64
2025-06-11 07:51:11,906 - INFO - Preparing features...
2025-06-11 07:51:12,992 - INFO - Feature shape: (431, 15)
2025-06-11 07:51:12,992 - INFO - Label distribution: [289  96  37   9]
2025-06-11 07:51:12,993 - INFO - Starting model training...
2025-06-11 07:51:12,993 - INFO - Minimum samples per class: 9
2025-06-11 07:51:12,996 - INFO - Training set: (344, 15), Test set: (87, 15)
2025-06-11 07:51:12,997 - INFO - Training ensemble models...
2025-06-11 07:51:18,021 - INFO - Evaluating models...
2025-06-11 07:51:18,065 - INFO - Classes found in data: [0 1 2 3]
2025-06-11 07:51:18,071 - INFO - Using stage names: ['REJECT', 'SHORTLIST', 'INTERVIEW', 'ACCEPT']
2025-06-11 07:51:18,076 - INFO - 
Classification Report:
2025-06-11 07:51:18,080 - INFO -               precision    recall  f1-score   support

      REJECT       0.67      0.95      0.79        58
   SHORTLIST       0.00      0.00      0.00        19
   INTERVIEW       0.00      0.00      0.00         8
      ACCEPT       1.00      0.50      0.67         2

    accuracy                           0.64        87
   macro avg       0.42      0.36      0.36        87
weighted avg       0.47      0.64      0.54        87

2025-06-11 07:51:18,232 - INFO - Analyzing feature importance...
2025-06-11 07:51:18,243 - INFO - 
Top 10 Most Important Features:
2025-06-11 07:51:18,244 - INFO - 1. Text Similarity: 0.2404
2025-06-11 07:51:18,244 - INFO - 2. Total Skills: 0.1483
2025-06-11 07:51:18,244 - INFO - 3. Industry Keywords: 0.1390
2025-06-11 07:51:18,245 - INFO - 4. Experience Ratio: 0.1079
2025-06-11 07:51:18,245 - INFO - 5. Experience Years: 0.1070
2025-06-11 07:51:18,245 - INFO - 6. Certifications: 0.0803
2025-06-11 07:51:18,245 - INFO - 7. Communication Score: 0.0723
2025-06-11 07:51:18,246 - INFO - 8. Achievements: 0.0549
2025-06-11 07:51:18,246 - INFO - 9. Education Level: 0.0159
2025-06-11 07:51:18,246 - INFO - 10. Meets Experience: 0.0126
2025-06-11 07:51:18,347 - INFO - Saving results...
2025-06-11 07:51:18,519 - INFO - Results saved successfully!
2025-06-11 07:51:18,519 - INFO - ==================================================
2025-06-11 07:51:18,520 - INFO - Training completed successfully!
2025-06-11 07:51:18,520 - INFO - Overall accuracy: 64.37%
2025-06-11 07:51:18,520 - INFO - ==================================================
2025-06-11 07:54:45,483 - INFO - ==================================================
2025-06-11 07:54:45,484 - INFO - Starting Recruitment AI Training Pipeline
2025-06-11 07:54:45,484 - INFO - ==================================================
2025-06-11 07:54:45,485 - INFO - Loading data from jobs
2025-06-11 07:55:37,938 - INFO - Loaded 431 CV samples
2025-06-11 07:55:37,940 - INFO - Stage distribution:
stage
REJECT       289
SHORTLIST     96
INTERVIEW     37
ACCEPT         9
Name: count, dtype: int64
2025-06-11 07:55:37,940 - INFO - Preparing features...
2025-06-11 07:55:39,210 - INFO - Feature shape: (431, 15)
2025-06-11 07:55:39,211 - INFO - Label distribution: [289  96  37   9]
2025-06-11 07:55:39,211 - INFO - Starting model training...
2025-06-11 07:55:39,212 - INFO - Minimum samples per class: 9
2025-06-11 07:55:39,213 - INFO - Training set: (344, 15), Test set: (87, 15)
2025-06-11 07:55:39,213 - INFO - Training ensemble models...
2025-06-11 07:55:44,914 - INFO - Evaluating models...
2025-06-11 07:55:44,966 - INFO - Classes found in data: [0 1 2 3]
2025-06-11 07:55:44,969 - INFO - Using stage names: ['REJECT', 'SHORTLIST', 'INTERVIEW', 'ACCEPT']
2025-06-11 07:55:44,975 - INFO - 
Classification Report:
2025-06-11 07:55:44,979 - INFO -               precision    recall  f1-score   support

      REJECT       0.67      0.95      0.79        58
   SHORTLIST       0.00      0.00      0.00        19
   INTERVIEW       0.00      0.00      0.00         8
      ACCEPT       1.00      0.50      0.67         2

    accuracy                           0.64        87
   macro avg       0.42      0.36      0.36        87
weighted avg       0.47      0.64      0.54        87

2025-06-11 07:55:45,131 - INFO - Analyzing feature importance...
2025-06-11 07:55:45,143 - INFO - 
Top 10 Most Important Features:
2025-06-11 07:55:45,143 - INFO - 1. Text Similarity: 0.2404
2025-06-11 07:55:45,143 - INFO - 2. Total Skills: 0.1483
2025-06-11 07:55:45,143 - INFO - 3. Industry Keywords: 0.1390
2025-06-11 07:55:45,144 - INFO - 4. Experience Ratio: 0.1079
2025-06-11 07:55:45,144 - INFO - 5. Experience Years: 0.1070
2025-06-11 07:55:45,144 - INFO - 6. Certifications: 0.0803
2025-06-11 07:55:45,144 - INFO - 7. Communication Score: 0.0723
2025-06-11 07:55:45,144 - INFO - 8. Achievements: 0.0549
2025-06-11 07:55:45,144 - INFO - 9. Education Level: 0.0159
2025-06-11 07:55:45,145 - INFO - 10. Meets Experience: 0.0126
2025-06-11 07:55:45,366 - INFO - Saving results...
2025-06-11 07:55:45,581 - INFO - Results saved successfully!
2025-06-11 07:55:45,581 - INFO - ==================================================
2025-06-11 07:55:45,581 - INFO - Training completed successfully!
2025-06-11 07:55:45,581 - INFO - Overall accuracy: 64.37%
2025-06-11 07:55:45,582 - INFO - ==================================================
2025-06-11 07:58:20,354 - INFO - ==================================================
2025-06-11 07:58:20,354 - INFO - Starting Recruitment AI Training Pipeline
2025-06-11 07:58:20,355 - INFO - ==================================================
2025-06-11 07:58:20,355 - INFO - Loading data from jobs
2025-06-11 08:00:02,411 - INFO - ==================================================
2025-06-11 08:00:02,411 - INFO - Starting Recruitment AI Training Pipeline
2025-06-11 08:00:02,411 - INFO - ==================================================
2025-06-11 08:00:02,412 - INFO - Loading data from jobs
2025-06-11 08:00:55,648 - INFO - Loaded 270 CV samples
2025-06-11 08:00:55,650 - INFO - Stage distribution:
stage
REJECT       182
SHORTLIST     50
INTERVIEW     29
ACCEPT         9
Name: count, dtype: int64
2025-06-11 08:00:55,650 - INFO - Preparing features...
2025-06-11 08:00:56,619 - INFO - Feature shape: (270, 15)
2025-06-11 08:00:56,620 - INFO - Label distribution: [182  50  29   9]
2025-06-11 08:00:56,621 - INFO - Starting model training...
2025-06-11 08:00:56,621 - INFO - Minimum samples per class: 9
2025-06-11 08:00:56,622 - INFO - Training set: (216, 15), Test set: (54, 15)
2025-06-11 08:00:56,622 - INFO - Training ensemble models...
2025-06-11 08:01:00,617 - INFO - Evaluating models...
2025-06-11 08:01:00,676 - INFO - Classes found in data: [0 1 2 3]
2025-06-11 08:01:00,677 - INFO - Using stage names: ['REJECT', 'SHORTLIST', 'INTERVIEW', 'ACCEPT']
2025-06-11 08:01:00,691 - INFO - 
Classification Report:
2025-06-11 08:01:00,696 - INFO -               precision    recall  f1-score   support

      REJECT       0.68      0.94      0.79        36
   SHORTLIST       0.00      0.00      0.00        10
   INTERVIEW       0.00      0.00      0.00         6
      ACCEPT       0.00      0.00      0.00         2

    accuracy                           0.63        54
   macro avg       0.17      0.24      0.20        54
weighted avg       0.45      0.63      0.53        54

2025-06-11 08:01:00,846 - INFO - Analyzing feature importance...
2025-06-11 08:01:00,858 - INFO - 
Top 10 Most Important Features:
2025-06-11 08:01:00,859 - INFO - 1. Text Similarity: 0.2357
2025-06-11 08:01:00,859 - INFO - 2. Total Skills: 0.1500
2025-06-11 08:01:00,859 - INFO - 3. Industry Keywords: 0.1396
2025-06-11 08:01:00,859 - INFO - 4. Experience Ratio: 0.1198
2025-06-11 08:01:00,860 - INFO - 5. Experience Years: 0.1189
2025-06-11 08:01:00,860 - INFO - 6. Certifications: 0.0772
2025-06-11 08:01:00,860 - INFO - 7. Communication Score: 0.0762
2025-06-11 08:01:00,860 - INFO - 8. Achievements: 0.0474
2025-06-11 08:01:00,861 - INFO - 9. Education Level: 0.0173
2025-06-11 08:01:00,861 - INFO - 10. Meets Experience: 0.0098
2025-06-11 08:01:00,965 - INFO - Saving results...
2025-06-11 08:01:01,161 - INFO - Results saved successfully!
2025-06-11 08:01:01,162 - INFO - ==================================================
2025-06-11 08:01:01,162 - INFO - Training completed successfully!
2025-06-11 08:01:01,162 - INFO - Overall accuracy: 62.96%
2025-06-11 08:01:01,162 - INFO - ==================================================
